<?xml version="1.0" encoding="UTF-8"?>
<!-- Generated by org.testng.reporters.JUnitXMLReporter -->
<testsuite ignored="0" hostname="DESKTOP-GGCLQ1N" failures="1" tests="4" name="Reports screenshot Testing" time="1.87" errors="0" timestamp="2022-10-04T20:38:23 SGT">
  <testcase classname="ui.ReportsTest" name="reportTest1" time="1.62">
    <failure type="java.lang.AssertionError" message="null">
      <![CDATA[java.lang.AssertionError: null
at ui.ReportsTest.reportTest1(ReportsTest.java:15)
at java.base/java.util.ArrayList.forEach(ArrayList.java:1511)
... Removed 27 stack frames]]>
    </failure>
  </testcase> <!-- reportTest1 -->
  <testcase classname="ui.ReportsTest" name="reportTest2" time="0.002"/>
  <testcase classname="ui.ReportsTest" name="reportTest3" time="0.002"/>
  <testcase classname="ui.ReportsTest" name="reportTest4" time="0.002"/>
</testsuite> <!-- Reports screenshot Testing -->
