<?xml version="1.0" encoding="UTF-8"?>
<testng-results ignored="0" total="4" passed="3" failed="1" skipped="0">
  <reporter-output>
    <line>
      <![CDATA[Test Name is - reportTest1]]>
    </line>
    <line>
      <![CDATA[This is Test 1.]]>
    </line>
    <line>
      <![CDATA[Test failed - screenshot captured. ]]>
    </line>
    <line>
      <![CDATA[<a href="C:\Users\shank\eclipse-workspace\seleniumTesting\screenshot\Tue-Oct-04-20-38-23-SGT-2022.png">Test Results</a>]]>
    </line>
    <line>
      <![CDATA[Test Name is - reportTest2]]>
    </line>
    <line>
      <![CDATA[This is Test 2.]]>
    </line>
    <line>
      <![CDATA[Status of Test is Success]]>
    </line>
    <line>
      <![CDATA[Test Name is - reportTest3]]>
    </line>
    <line>
      <![CDATA[This is Test 3.]]>
    </line>
    <line>
      <![CDATA[Status of Test is Success]]>
    </line>
    <line>
      <![CDATA[Test Name is - reportTest4]]>
    </line>
    <line>
      <![CDATA[Status of Test is Success]]>
    </line>
  </reporter-output>
  <suite started-at="2022-10-04T20:38:21 SGT" name="Resports Screenshot Test Suite" finished-at="2022-10-04T20:38:23 SGT" duration-ms="1870">
    <groups>
    </groups>
    <test started-at="2022-10-04T20:38:21 SGT" name="Reports screenshot Testing" finished-at="2022-10-04T20:38:23 SGT" duration-ms="1870">
      <class name="ui.ReportsTest">
        <test-method is-config="true" signature="launchBrowser()[pri:0, instance:ui.ReportsTest@1329eff]" started-at="2022-10-04T20:38:19 SGT" name="launchBrowser" finished-at="2022-10-04T20:38:21 SGT" duration-ms="2451" status="PASS">
          <reporter-output>
          </reporter-output>
        </test-method> <!-- launchBrowser -->
        <test-method signature="reportTest1()[pri:0, instance:ui.ReportsTest@1329eff]" started-at="2022-10-04T20:38:21 SGT" name="reportTest1" finished-at="2022-10-04T20:38:23 SGT" duration-ms="1620" status="FAIL">
          <exception class="java.lang.AssertionError">
            <message>
              <![CDATA[null]]>
            </message>
            <full-stacktrace>
              <![CDATA[java.lang.AssertionError: null
at org.testng.Assert.fail(Assert.java:110)
at org.testng.Assert.fail(Assert.java:115)
at ui.ReportsTest.reportTest1(ReportsTest.java:15)
at java.base/jdk.internal.reflect.DirectMethodHandleAccessor.invoke(DirectMethodHandleAccessor.java:104)
at java.base/java.lang.reflect.Method.invoke(Method.java:578)
at org.testng.internal.invokers.MethodInvocationHelper.invokeMethod(MethodInvocationHelper.java:139)
at org.testng.internal.invokers.TestInvoker.invokeMethod(TestInvoker.java:677)
at org.testng.internal.invokers.TestInvoker.invokeTestMethod(TestInvoker.java:221)
at org.testng.internal.invokers.MethodRunner.runInSequence(MethodRunner.java:50)
at org.testng.internal.invokers.TestInvoker$MethodInvocationAgent.invoke(TestInvoker.java:962)
at org.testng.internal.invokers.TestInvoker.invokeTestMethods(TestInvoker.java:194)
at org.testng.internal.invokers.TestMethodWorker.invokeTestMethods(TestMethodWorker.java:148)
at org.testng.internal.invokers.TestMethodWorker.run(TestMethodWorker.java:128)
at java.base/java.util.ArrayList.forEach(ArrayList.java:1511)
at org.testng.TestRunner.privateRun(TestRunner.java:806)
at org.testng.TestRunner.run(TestRunner.java:601)
at org.testng.SuiteRunner.runTest(SuiteRunner.java:433)
at org.testng.SuiteRunner.runSequentially(SuiteRunner.java:427)
at org.testng.SuiteRunner.privateRun(SuiteRunner.java:387)
at org.testng.SuiteRunner.run(SuiteRunner.java:330)
at org.testng.SuiteRunnerWorker.runSuite(SuiteRunnerWorker.java:52)
at org.testng.SuiteRunnerWorker.run(SuiteRunnerWorker.java:95)
at org.testng.TestNG.runSuitesSequentially(TestNG.java:1256)
at org.testng.TestNG.runSuitesLocally(TestNG.java:1176)
at org.testng.TestNG.runSuites(TestNG.java:1099)
at org.testng.TestNG.run(TestNG.java:1067)
at org.testng.remote.AbstractRemoteTestNG.run(AbstractRemoteTestNG.java:115)
at org.testng.remote.RemoteTestNG.initAndRun(RemoteTestNG.java:251)
at org.testng.remote.RemoteTestNG.main(RemoteTestNG.java:77)
]]>
            </full-stacktrace>
          </exception> <!-- java.lang.AssertionError -->
          <reporter-output>
            <line>
              <![CDATA[Test Name is - reportTest1]]>
            </line>
            <line>
              <![CDATA[This is Test 1.]]>
            </line>
            <line>
              <![CDATA[Test failed - screenshot captured. ]]>
            </line>
            <line>
              <![CDATA[<a href="C:\Users\shank\eclipse-workspace\seleniumTesting\screenshot\Tue-Oct-04-20-38-23-SGT-2022.png">Test Results</a>]]>
            </line>
          </reporter-output>
        </test-method> <!-- reportTest1 -->
        <test-method signature="reportTest2()[pri:0, instance:ui.ReportsTest@1329eff]" started-at="2022-10-04T20:38:23 SGT" name="reportTest2" finished-at="2022-10-04T20:38:23 SGT" duration-ms="2" status="PASS">
          <reporter-output>
            <line>
              <![CDATA[Test Name is - reportTest2]]>
            </line>
            <line>
              <![CDATA[This is Test 2.]]>
            </line>
            <line>
              <![CDATA[Status of Test is Success]]>
            </line>
          </reporter-output>
        </test-method> <!-- reportTest2 -->
        <test-method signature="reportTest3()[pri:0, instance:ui.ReportsTest@1329eff]" started-at="2022-10-04T20:38:23 SGT" name="reportTest3" finished-at="2022-10-04T20:38:23 SGT" duration-ms="2" status="PASS">
          <reporter-output>
            <line>
              <![CDATA[Test Name is - reportTest3]]>
            </line>
            <line>
              <![CDATA[This is Test 3.]]>
            </line>
            <line>
              <![CDATA[Status of Test is Success]]>
            </line>
          </reporter-output>
        </test-method> <!-- reportTest3 -->
        <test-method signature="reportTest4()[pri:0, instance:ui.ReportsTest@1329eff]" started-at="2022-10-04T20:38:23 SGT" name="reportTest4" finished-at="2022-10-04T20:38:23 SGT" duration-ms="2" status="PASS">
          <reporter-output>
            <line>
              <![CDATA[Test Name is - reportTest4]]>
            </line>
            <line>
              <![CDATA[Status of Test is Success]]>
            </line>
          </reporter-output>
        </test-method> <!-- reportTest4 -->
        <test-method is-config="true" signature="closeBrowser()[pri:0, instance:ui.ReportsTest@1329eff]" started-at="2022-10-04T20:38:23 SGT" name="closeBrowser" finished-at="2022-10-04T20:38:24 SGT" duration-ms="753" status="PASS">
          <reporter-output>
          </reporter-output>
        </test-method> <!-- closeBrowser -->
      </class> <!-- ui.ReportsTest -->
    </test> <!-- Reports screenshot Testing -->
  </suite> <!-- Resports Screenshot Test Suite -->
</testng-results>
